PROLOGUE: [size=45]
0x7fffb0000000:  
OBJD-H: 55534154415541564157488bef4881c478fbffffffe633c04881c488040000c5
OBJD-H: f877415f415e415d415c5b5dc3

----------------
IN: 
0x00008000:  SEI       
0x00008001:  CLD       
0x00008002:  LDA_IM    64
0x00008004:  STA_ABSOLUTE 0, 32
0x00008007:  LDX_IM    255
0x00008009:  TXS       
0x0000800a:  LDA_ABSOLUTE 2, 32
0x0000800d:  BPL       251

OUT: [size=880]
  -- guest addr 0x00008000 + tb prologue
0x7fff70000100:  
OBJD-H: 8b5df085db0f8c88020000bb1000000041bc00200000418bfcc1ef0323bdf0fe
OBJD-H: ffff4803bdf8feffff418bf481e600ffffff3b77040f8564020000488b7f1041
OBJD-H: 881c3cc785ec00000001000000
  -- guest addr 0x00008001
0x7fff7000014d:  
OBJD-H: c785f000000000000000
  -- guest addr 0x00008002
0x7fff70000157:  
OBJD-H: bb40000000899dd8000000c785e80000000000000083fb7f0f8d0f000000c785
OBJD-H: 0001000000000000e90a000000c7850001000001000000
  -- guest addr 0x00008004
0x7fff7000018e:  
OBJD-H: bb022000008bfbc1ef0323bdf0feffff4803bdf8feffff8bf381e600ffffff3b
OBJD-H: 370f8509020000488b7f100fb61c3b899d10010000c7850c01000000200000bb
OBJD-H: 002000008bfbc1ef0323bdf0feffff4803bdf8feffff8d730381e600ffffff3b
OBJD-H: 370f85e7010000488b7f10448b243b4489a510010000448ba5d80000008bfbc1
OBJD-H: ef0323bdf0feffff4803bdf8feffff8bf381e600ffffff3b77040f85cd010000
OBJD-H: 488b7f104488243b
  -- guest addr 0x00008007
0x7fff70000236:  
OBJD-H: bbff000000899ddc000000c785e80000000000000083fb7f0f8d0f000000c785
OBJD-H: 0001000000000000e90a000000c7850001000001000000
  -- guest addr 0x00008009
0x7fff7000026d:  
OBJD-H: 8b9ddc000000899d08010000
  -- guest addr 0x0000800a
0x7fff70000279:  
OBJD-H: bb022000008bfbc1ef0323bdf0feffff4803bdf8feffff8bf381e600ffffff3b
OBJD-H: 370f857a010000488b7f100fb61c3b899d10010000c7850c01000000200000bb
OBJD-H: 002000008bfbc1ef0323bdf0feffff4803bdf8feffff8d730381e600ffffff3b
OBJD-H: 370f8558010000488b7f108b1c3b899d10010000899dd800000085db0f840f00
OBJD-H: 0000c785e800000000000000e90a000000c785e8000000010000008b9dd80000
OBJD-H: 0083fb7f0f8d0f000000c7850001000000000000e90a000000c7850001000001
OBJD-H: 000000
  -- guest addr 0x0000800d
0x7fff7000033c:  
OBJD-H: 8b5d0081c3fb000000899d0c0100008b9d0001000085db0f94c30fb6db83fb01
OBJD-H: 0f841900000090e900000000c745000f800000488d05cafcffffe99dfcffffe9
OBJD-H: 00000000c745000a800000488d05b3fcffffe985fcffff488d05a9fcffffe979
OBJD-H: fcffff
  -- tb slow paths + alignment
0x7fff7000039f:  
OBJD-H: 418bf48bd3488bfdb9000e00004c8d0590fdffffff159f000000e985fdffff8b
OBJD-H: f3488bfdba000e0000488d0deefdffffff158b0000008bd8e9e1fdffff8bf348
OBJD-H: 8bfdba20000000488d0d10feffffff1575000000448be0e902feffff8bf3418b
OBJD-H: d4488bfdb9000e00004c8d0527feffffff1543000000e91cfeffff8bf3488bfd
OBJD-H: ba000e0000488d0d7dfeffffff152f0000008bd8e970feffff8bf3488bfdba20
OBJD-H: 000000488d0d9efeffffff15190000008bd8e991feffff9090
  data: [size=24]
0x7fff70000458:  .quad  0x0000555555815be3
0x7fff70000460:  .quad  0x0000555555814aab
0x7fff70000468:  .quad  0x0000555555814da2

----------------
IN: 
0x0000800f:  LDA_ABSOLUTE 2, 32
0x00008012:  BPL       251

OUT: [size=384]
  -- guest addr 0x0000800f + tb prologue
0x7fff70000580:  
OBJD-H: 8b5df085db0f8c1c010000bb022000008bfbc1ef0323bdf0feffff4803bdf8fe
OBJD-H: ffff8bf381e600ffffff3b370f8501010000488b7f100fb61c3b899d10010000
OBJD-H: c7850c01000000200000bb002000008bfbc1ef0323bdf0feffff4803bdf8feff
OBJD-H: ff8d730381e600ffffff3b370f85df000000488b7f108b1c3b899d1001000089
OBJD-H: 9dd800000085db0f840f000000c785e800000000000000e90a000000c785e800
OBJD-H: 0000010000008b9dd800000083fb7f0f8d0f000000c7850001000000000000e9
OBJD-H: 0a000000c7850001000001000000
  -- guest addr 0x00008012
0x7fff7000064e:  
OBJD-H: 8b5d0081c3fb000000899d0c0100008b9d0001000085db0f94c30fb6db83fb01
OBJD-H: 0f841b000000666690e900000000c7450014800000488d0536feffffe989f9ff
OBJD-H: ffe900000000c745000f800000488d051ffeffffe971f9ffff488d0515feffff
OBJD-H: e965f9ffff
  -- tb slow paths + alignment
0x7fff700006b3:  
OBJD-H: 8bf3488bfdba000e0000488d0df6feffffff15260000008bd8e9e9feffff8bf3
OBJD-H: 488bfdba20000000488d0d17ffffffff15100000008bd8e90affffff90
  data: [size=16]
0x7fff700006f0:  .quad  0x0000555555814aab
0x7fff700006f8:  .quad  0x0000555555814da2

----------------
IN: 
0x00008014:  LDY_IM    254
0x00008016:  LDX_IM    5
0x00008018:  LDA_ABSOLUTE_X 215, 7
0x0000801b:  CMP_IM    10
0x0000801d:  BCS       12

OUT: [size=496]
  -- guest addr 0x00008014 + tb prologue
0x7fff70000800:  
OBJD-H: 8b5df085db0f8cb0010000bbfe000000899ddc000000c785e800000000000000
OBJD-H: 83fb7f0f8d0f000000c7850001000000000000e90a000000c785000100000100
OBJD-H: 0000
  -- guest addr 0x00008016
0x7fff70000842:  
OBJD-H: bb05000000899ddc000000c785e80000000000000083fb7f0f8d0f000000c785
OBJD-H: 0001000000000000e90a000000c7850001000001000000
  -- guest addr 0x00008018
0x7fff70000879:  
OBJD-H: 8b9ddc00000081c3d7070000899d0c0100008bfbc1ef0323bdf0feffff4803bd
OBJD-H: f8feffff8bf381e600ffffff3b370f851a010000488b7f100fb61c3b899d1001
OBJD-H: 0000899dd800000085db0f840f000000c785e800000000000000e90a000000c7
OBJD-H: 85e8000000010000008b9dd800000083fb7f0f8d0f000000c785000100000000
OBJD-H: 0000e90a000000c7850001000001000000
  -- guest addr 0x0000801b
0x7fff7000090a:  
OBJD-H: 8b9dd8000000448ba510010000412bdc85db410f9dc4450fb6e44183fc01410f
OBJD-H: 94c4450fb6e44489a5e400000085db410f94c5450fb6ed4183fd01410f94c545
OBJD-H: 0fb6ed4489ade8000000c1eb0783e30183fb010f94c30fb6db899d00010000
  -- guest addr 0x0000801d
0x7fff70000969:  
OBJD-H: 8b5d0083c30c899d0c0100004183fc010f94c30fb6db83fb010f841b00000066
OBJD-H: 6690e900000000c745001f800000488d05a2fdffffe975f6ffffe900000000c7
OBJD-H: 45002b800000488d058bfdffffe95df6ffff488d0581fdffffe951f6ffff
  -- tb slow paths + alignment
0x7fff700009c7:  
OBJD-H: 8bf3488bfdba000e0000488d0dddfeffffff150a0000008bd8e9d0feffff9090
OBJD-H: 90
  data: [size=8]
0x7fff700009e8:  .quad  0x0000555555814aab

----------------
IN: 
0x0000802b:  JSR_ABSOLUTE 204, 144

OUT: [size=240]
  -- guest addr 0x0000802b + tb prologue
0x7fff70000ac0:  
OBJD-H: 8b5df085db0f8c84000000bb022000008bfbc1ef0323bdf0feffff4803bdf8fe
OBJD-H: ffff8bf381e600ffffff3b370f8569000000488b7f100fb61c3b899d10010000
OBJD-H: c7850c01000000200000bb002000008bfbc1ef0323bdf0feffff4803bdf8feff
OBJD-H: ff8d730381e600ffffff3b370f8547000000488b7f10448b243b4489a5100100
OBJD-H: 00895d00488bfdff154b000000ffe0488d05adfeffffe9bdf4ffff
  -- tb slow paths + alignment
0x7fff70000b5b:  
OBJD-H: 8bf3488bfdba000e0000488d0d8effffffff152e0000008bd8e981ffffff8bf3
OBJD-H: 488bfdba20000000488d0db0ffffffff1518000000448be0e9a2ffffff
  data: [size=24]
0x7fff70000b98:  .quad  0x00005555557ffbbc
0x7fff70000ba0:  .quad  0x0000555555814aab
0x7fff70000ba8:  .quad  0x0000555555814da2

----------------
IN: 
0x00002000:  

OUT: [size=56]
  -- guest addr 0x00002000 + tb prologue
0x7fff70000c80:  
OBJD-H: 8b5df085db0f8c13000000c78590dfffff01000000488bfdff1512000000488d
OBJD-H: 051effffffe96ef3ffff
  -- tb slow paths + alignment
0x7fff70000caa:  
OBJD-H: 909090909090
  data: [size=8]
0x7fff70000cb0:  .quad  0x0000555555774e1a

